[2026-02-24 18:40:52] Changes committed. [main bc0ce70] vault backup: 2026-02-24 18:40:52  2 files changed, 90 insertions(+), 6 deletions(-)  create mode 100644 setup_auto_git_sync.ps1
[2026-02-24 18:40:52] Pushed 1 commit(s) to GitHub. To https://github.com/AndrewHaward2310/vault_workspace.git    8352b84..bc0ce70  main -> main
[2026-02-24 18:42:28] Changes committed. [main 07b37f5] vault backup: 2026-02-24 18:42:28  2 files changed, 4 insertions(+), 2 deletions(-)  create mode 100644 auto_git_sync.log
[2026-02-24 18:42:28] Pushed 1 commit(s) to GitHub. To https://github.com/AndrewHaward2310/vault_workspace.git    bc0ce70..07b37f5  main -> main
[2026-02-24 18:52:31] Changes committed. [main 2e98797] vault backup: 2026-02-24 18:52:31  1 file changed, 2 insertions(+)
[2026-02-24 18:52:31] Pushed 1 commit(s) to GitHub. To https://github.com/AndrewHaward2310/vault_workspace.git    07b37f5..2e98797  main -> main
[2026-02-24 19:02:29] Changes committed. [main f746996] vault backup: 2026-02-24 19:02:29  1 file changed, 2 insertions(+)
[2026-02-24 19:02:29] Pushed 1 commit(s) to GitHub. To https://github.com/AndrewHaward2310/vault_workspace.git    2e98797..f746996  main -> main
[2026-02-24 19:12:31] Changes committed. [main 320e353] vault backup: 2026-02-24 19:12:31  1 file changed, 2 insertions(+)
[2026-02-24 19:12:31] Pushed 1 commit(s) to GitHub. To https://github.com/AndrewHaward2310/vault_workspace.git    f746996..320e353  main -> main
[2026-02-24 19:22:28] Changes committed. [main e457b00] vault backup: 2026-02-24 19:22:28  1 file changed, 2 insertions(+)
[2026-02-24 19:22:28] Pushed 1 commit(s) to GitHub. To https://github.com/AndrewHaward2310/vault_workspace.git    320e353..e457b00  main -> main
[2026-02-24 19:25:01] Changes committed. [main a949fc5] vault backup: 2026-02-24 19:25:01  1 file changed, 2 insertions(+)
[2026-02-24 19:25:01] Pushed 1 commit(s) to GitHub. To https://github.com/AndrewHaward2310/vault_workspace.git    e457b00..a949fc5  main -> main
[2026-02-24 19:32:28] Changes committed. [main 3bff54b] vault backup: 2026-02-24 19:32:28  1 file changed, 2 insertions(+)
[2026-02-24 19:32:28] Pushed 1 commit(s) to GitHub. To https://github.com/AndrewHaward2310/vault_workspace.git    a949fc5..3bff54b  main -> main
[2026-02-24 19:35:01] Changes committed. [main d422059] vault backup: 2026-02-24 19:35:01  1 file changed, 2 insertions(+)
[2026-02-24 19:35:01] Pushed 1 commit(s) to GitHub. To https://github.com/AndrewHaward2310/vault_workspace.git    3bff54b..d422059  main -> main
[2026-02-24 19:42:30] Changes committed. [main 18c60c6] vault backup: 2026-02-24 19:42:30  1 file changed, 2 insertions(+)
[2026-02-24 19:42:30] Pushed 1 commit(s) to GitHub. To https://github.com/AndrewHaward2310/vault_workspace.git    d422059..18c60c6  main -> main
[2026-02-24 19:45:01] Changes committed. [main 884c8b3] vault backup: 2026-02-24 19:45:01  1 file changed, 2 insertions(+)
[2026-02-24 19:45:01] Pushed 1 commit(s) to GitHub. To https://github.com/AndrewHaward2310/vault_workspace.git    18c60c6..884c8b3  main -> main
[2026-02-24 19:52:29] Changes committed. [main 8ecf90c] vault backup: 2026-02-24 19:52:29  1 file changed, 2 insertions(+)
[2026-02-24 19:52:29] Pushed 1 commit(s) to GitHub. To https://github.com/AndrewHaward2310/vault_workspace.git    884c8b3..8ecf90c  main -> main
[2026-02-24 19:55:01] Changes committed. [main 1b54637] vault backup: 2026-02-24 19:55:01  1 file changed, 2 insertions(+)
[2026-02-24 19:55:01] Pushed 1 commit(s) to GitHub. To https://github.com/AndrewHaward2310/vault_workspace.git    8ecf90c..1b54637  main -> main
[2026-02-24 20:02:29] Changes committed. [main 8eaab82] vault backup: 2026-02-24 20:02:29  1 file changed, 2 insertions(+)
[2026-02-24 20:02:29] Pushed 1 commit(s) to GitHub. To https://github.com/AndrewHaward2310/vault_workspace.git    1b54637..8eaab82  main -> main
[2026-02-24 20:05:01] Changes committed. [main 773dee2] vault backup: 2026-02-24 20:05:01  1 file changed, 2 insertions(+)
[2026-02-24 20:05:01] Pushed 1 commit(s) to GitHub. To https://github.com/AndrewHaward2310/vault_workspace.git    8eaab82..773dee2  main -> main
[2026-02-24 20:12:29] Changes committed. [main 75bacc3] vault backup: 2026-02-24 20:12:29  1 file changed, 2 insertions(+)
[2026-02-24 20:12:29] Pushed 1 commit(s) to GitHub. To https://github.com/AndrewHaward2310/vault_workspace.git    773dee2..75bacc3  main -> main
[2026-02-24 20:15:01] Changes committed. [main 14b3196] vault backup: 2026-02-24 20:15:01  1 file changed, 2 insertions(+)
[2026-02-24 20:15:01] Pushed 1 commit(s) to GitHub. fatal: unable to access 'https://github.com/AndrewHaward2310/vault_workspace.git/': Failed to connect to github.com port 443 after 21106 ms: Could not connect to server
[2026-02-24 20:22:28] Changes committed. [main 427a7d4] vault backup: 2026-02-24 20:22:28  1 file changed, 2 insertions(+)
[2026-02-24 20:22:28] Pushed 2 commit(s) to GitHub. To https://github.com/AndrewHaward2310/vault_workspace.git    75bacc3..427a7d4  main -> main
[2026-02-24 20:25:01] Changes committed. [main 68b41b5] vault backup: 2026-02-24 20:25:01  1 file changed, 2 insertions(+)
[2026-02-24 20:25:01] Pushed 1 commit(s) to GitHub. To https://github.com/AndrewHaward2310/vault_workspace.git    427a7d4..68b41b5  main -> main
[2026-02-24 20:32:30] Changes committed. [main 290d84b] vault backup: 2026-02-24 20:32:30  1 file changed, 2 insertions(+)
[2026-02-24 20:32:30] Pushed 1 commit(s) to GitHub. To https://github.com/AndrewHaward2310/vault_workspace.git    68b41b5..290d84b  main -> main
[2026-02-24 20:35:01] Changes committed. [main 938f14c] vault backup: 2026-02-24 20:35:01  1 file changed, 2 insertions(+)
[2026-02-24 20:35:01] Pushed 1 commit(s) to GitHub. To https://github.com/AndrewHaward2310/vault_workspace.git    290d84b..938f14c  main -> main
